app/build/intermediates/manifest_merge_blame_file/debug/manifest-merger-blame-debug-report.txt
1<?xml version="1.0" encoding="utf-8"?>
2<manifest xmlns:android="http://schemas.android.com/apk/res/android"
3    package="com.example.projectapp"
4    android:versionCode="1"
5    android:versionName="1.0" >
6
7    <uses-sdk
8        android:minSdkVersion="16"
8-->src\main\AndroidManifest.xml
9        android:targetSdkVersion="31" />
9-->src\main\AndroidManifest.xml
10
11    <uses-permission android:name="android.permission.INTERNET" />
11-->src\main\AndroidManifest.xml:5:5-67
11-->src\main\AndroidManifest.xml:5:22-64
12
13    <!-- Although the *SdkVersion is captured in gradle build files, this is required for non gradle builds -->
14    <!-- <uses-sdk android:minSdkVersion="14"/> -->
15    <uses-permission android:name="android.permission.ACCESS_NETWORK_STATE" />
15-->[com.google.firebase:firebase-database:20.0.1] AndroidManifest.xml:25:5-79
15-->[com.google.firebase:firebase-database:20.0.1] AndroidManifest.xml:25:22-76
16
17    <application
17-->src\main\AndroidManifest.xml:7:5-43:19
18        android:allowBackup="true"
18-->src\main\AndroidManifest.xml:8:9-35
19        android:appComponentFactory="androidx.core.app.CoreComponentFactory"
19-->[androidx.core:core:1.5.0] AndroidManifest.xml:24:18-86
20        android:debuggable="true"
21        android:icon="@mipmap/calculator_nice_icon1edited"
21-->src\main\AndroidManifest.xml:9:9-59
22        android:label="@string/app_name"
22-->src\main\AndroidManifest.xml:10:9-41
23        android:roundIcon="@mipmap/calculator_nice_icon1edited_round"
23-->src\main\AndroidManifest.xml:11:9-70
24        android:supportsRtl="true"
24-->src\main\AndroidManifest.xml:12:9-35
25        android:theme="@style/Theme.ProjectApp" >
25-->src\main\AndroidManifest.xml:13:9-48
26        <activity android:name="com.example.projectapp.RetrivedMarksActivity" />
26-->src\main\AndroidManifest.xml:14:9-15:52
26-->src\main\AndroidManifest.xml:15:13-50
27        <activity
27-->src\main\AndroidManifest.xml:17:9-19:39
28            android:name="com.example.projectapp.RegisterActivity"
28-->src\main\AndroidManifest.xml:18:13-45
29            android:exported="true" />
29-->src\main\AndroidManifest.xml:19:13-36
30        <activity
30-->src\main\AndroidManifest.xml:20:9-22:48
31            android:name="com.example.projectapp.AttendanceCalculationActivity"
31-->src\main\AndroidManifest.xml:21:13-58
32            android:label="Attendance Sheet" />
32-->src\main\AndroidManifest.xml:22:13-45
33        <activity
33-->src\main\AndroidManifest.xml:23:9-25:53
34            android:name="com.example.projectapp.TermWorkCalculationActivity"
34-->src\main\AndroidManifest.xml:24:13-56
35            android:label="Term Work Calculation" />
35-->src\main\AndroidManifest.xml:25:13-50
36        <activity
36-->src\main\AndroidManifest.xml:26:9-28:47
37            android:name="com.example.projectapp.MarksCalculationActivity"
37-->src\main\AndroidManifest.xml:27:13-53
38            android:label="Test Calculator" />
38-->src\main\AndroidManifest.xml:28:13-44
39        <activity android:name="com.example.projectapp.MenuActivity" />
39-->src\main\AndroidManifest.xml:29:9-50
39-->src\main\AndroidManifest.xml:29:19-47
40        <activity
40-->src\main\AndroidManifest.xml:30:9-38:20
41            android:name="com.example.projectapp.MainActivity"
41-->src\main\AndroidManifest.xml:31:13-41
42            android:exported="true" >
42-->src\main\AndroidManifest.xml:32:13-36
43            <intent-filter>
43-->src\main\AndroidManifest.xml:33:13-37:29
44                <action android:name="android.intent.action.MAIN" />
44-->src\main\AndroidManifest.xml:34:17-69
44-->src\main\AndroidManifest.xml:34:25-66
45
46                <category android:name="android.intent.category.LAUNCHER" />
46-->src\main\AndroidManifest.xml:36:17-77
46-->src\main\AndroidManifest.xml:36:27-74
47            </intent-filter>
48        </activity>
49
50        <meta-data
50-->src\main\AndroidManifest.xml:40:9-42:57
51            android:name="preloaded_fonts"
51-->src\main\AndroidManifest.xml:41:13-43
52            android:resource="@array/preloaded_fonts" />
52-->src\main\AndroidManifest.xml:42:13-54
53
54        <service
54-->[com.google.firebase:firebase-database:20.0.1] AndroidManifest.xml:29:9-35:19
55            android:name="com.google.firebase.components.ComponentDiscoveryService"
55-->[com.google.firebase:firebase-database:20.0.1] AndroidManifest.xml:30:13-84
56            android:directBootAware="true"
56-->[com.google.firebase:firebase-common:20.0.0] AndroidManifest.xml:35:13-43
57            android:exported="false" >
57-->[com.google.firebase:firebase-database:20.0.1] AndroidManifest.xml:31:13-37
58            <meta-data
58-->[com.google.firebase:firebase-database:20.0.1] AndroidManifest.xml:32:13-34:85
59                android:name="com.google.firebase.components:com.google.firebase.database.DatabaseRegistrar"
59-->[com.google.firebase:firebase-database:20.0.1] AndroidManifest.xml:33:17-109
60                android:value="com.google.firebase.components.ComponentRegistrar" />
60-->[com.google.firebase:firebase-database:20.0.1] AndroidManifest.xml:34:17-82
61            <meta-data
61-->[com.google.firebase:firebase-auth:21.0.1] AndroidManifest.xml:77:13-79:85
62                android:name="com.google.firebase.components:com.google.firebase.auth.FirebaseAuthRegistrar"
62-->[com.google.firebase:firebase-auth:21.0.1] AndroidManifest.xml:78:17-109
63                android:value="com.google.firebase.components.ComponentRegistrar" />
63-->[com.google.firebase:firebase-auth:21.0.1] AndroidManifest.xml:79:17-82
64            <meta-data
64-->[com.google.firebase:firebase-storage:20.0.0] AndroidManifest.xml:33:13-35:85
65                android:name="com.google.firebase.components:com.google.firebase.storage.StorageRegistrar"
65-->[com.google.firebase:firebase-storage:20.0.0] AndroidManifest.xml:34:17-107
66                android:value="com.google.firebase.components.ComponentRegistrar" />
66-->[com.google.firebase:firebase-storage:20.0.0] AndroidManifest.xml:35:17-82
67        </service>
68
69        <activity
69-->[com.google.firebase:firebase-auth:21.0.1] AndroidManifest.xml:27:9-44:20
70            android:name="com.google.firebase.auth.internal.GenericIdpActivity"
70-->[com.google.firebase:firebase-auth:21.0.1] AndroidManifest.xml:28:13-80
71            android:excludeFromRecents="true"
71-->[com.google.firebase:firebase-auth:21.0.1] AndroidManifest.xml:29:13-46
72            android:exported="true"
72-->[com.google.firebase:firebase-auth:21.0.1] AndroidManifest.xml:30:13-36
73            android:launchMode="singleTask"
73-->[com.google.firebase:firebase-auth:21.0.1] AndroidManifest.xml:31:13-44
74            android:theme="@android:style/Theme.Translucent.NoTitleBar" >
74-->[com.google.firebase:firebase-auth:21.0.1] AndroidManifest.xml:32:13-72
75            <intent-filter>
75-->[com.google.firebase:firebase-auth:21.0.1] AndroidManifest.xml:33:13-43:29
76                <action android:name="android.intent.action.VIEW" />
76-->[com.google.firebase:firebase-auth:21.0.1] AndroidManifest.xml:34:17-69
76-->[com.google.firebase:firebase-auth:21.0.1] AndroidManifest.xml:34:25-66
77
78                <category android:name="android.intent.category.DEFAULT" />
78-->[com.google.firebase:firebase-auth:21.0.1] AndroidManifest.xml:36:17-76
78-->[com.google.firebase:firebase-auth:21.0.1] AndroidManifest.xml:36:27-73
79                <category android:name="android.intent.category.BROWSABLE" />
79-->[com.google.firebase:firebase-auth:21.0.1] AndroidManifest.xml:37:17-78
79-->[com.google.firebase:firebase-auth:21.0.1] AndroidManifest.xml:37:27-75
80
81                <data
81-->[com.google.firebase:firebase-auth:21.0.1] AndroidManifest.xml:39:17-42:51
82                    android:host="firebase.auth"
82-->[com.google.firebase:firebase-auth:21.0.1] AndroidManifest.xml:40:21-49
83                    android:path="/"
83-->[com.google.firebase:firebase-auth:21.0.1] AndroidManifest.xml:41:21-37
84                    android:scheme="genericidp" />
84-->[com.google.firebase:firebase-auth:21.0.1] AndroidManifest.xml:42:21-48
85            </intent-filter>
86        </activity>
87        <activity
87-->[com.google.firebase:firebase-auth:21.0.1] AndroidManifest.xml:45:9-62:20
88            android:name="com.google.firebase.auth.internal.RecaptchaActivity"
88-->[com.google.firebase:firebase-auth:21.0.1] AndroidManifest.xml:46:13-79
89            android:excludeFromRecents="true"
89-->[com.google.firebase:firebase-auth:21.0.1] AndroidManifest.xml:47:13-46
90            android:exported="true"
90-->[com.google.firebase:firebase-auth:21.0.1] AndroidManifest.xml:48:13-36
91            android:launchMode="singleTask"
91-->[com.google.firebase:firebase-auth:21.0.1] AndroidManifest.xml:49:13-44
92            android:theme="@android:style/Theme.Translucent.NoTitleBar" >
92-->[com.google.firebase:firebase-auth:21.0.1] AndroidManifest.xml:50:13-72
93            <intent-filter>
93-->[com.google.firebase:firebase-auth:21.0.1] AndroidManifest.xml:51:13-61:29
94                <action android:name="android.intent.action.VIEW" />
94-->[com.google.firebase:firebase-auth:21.0.1] AndroidManifest.xml:34:17-69
94-->[com.google.firebase:firebase-auth:21.0.1] AndroidManifest.xml:34:25-66
95
96                <category android:name="android.intent.category.DEFAULT" />
96-->[com.google.firebase:firebase-auth:21.0.1] AndroidManifest.xml:36:17-76
96-->[com.google.firebase:firebase-auth:21.0.1] AndroidManifest.xml:36:27-73
97                <category android:name="android.intent.category.BROWSABLE" />
97-->[com.google.firebase:firebase-auth:21.0.1] AndroidManifest.xml:37:17-78
97-->[com.google.firebase:firebase-auth:21.0.1] AndroidManifest.xml:37:27-75
98
99                <data
99-->[com.google.firebase:firebase-auth:21.0.1] AndroidManifest.xml:39:17-42:51
100                    android:host="firebase.auth"
100-->[com.google.firebase:firebase-auth:21.0.1] AndroidManifest.xml:40:21-49
101                    android:path="/"
101-->[com.google.firebase:firebase-auth:21.0.1] AndroidManifest.xml:41:21-37
102                    android:scheme="recaptcha" />
102-->[com.google.firebase:firebase-auth:21.0.1] AndroidManifest.xml:42:21-48
103            </intent-filter>
104        </activity>
105
106        <service
106-->[com.google.firebase:firebase-auth:21.0.1] AndroidManifest.xml:64:9-73:19
107            android:name="com.google.firebase.auth.api.fallback.service.FirebaseAuthFallbackService"
107-->[com.google.firebase:firebase-auth:21.0.1] AndroidManifest.xml:65:13-101
108            android:enabled="true"
108-->[com.google.firebase:firebase-auth:21.0.1] AndroidManifest.xml:66:13-35
109            android:exported="false" >
109-->[com.google.firebase:firebase-auth:21.0.1] AndroidManifest.xml:67:13-37
110            <intent-filter>
110-->[com.google.firebase:firebase-auth:21.0.1] AndroidManifest.xml:68:13-72:29
111                <action android:name="com.google.firebase.auth.api.gms.service.START" />
111-->[com.google.firebase:firebase-auth:21.0.1] AndroidManifest.xml:69:17-89
111-->[com.google.firebase:firebase-auth:21.0.1] AndroidManifest.xml:69:25-86
112
113                <category android:name="android.intent.category.DEFAULT" />
113-->[com.google.firebase:firebase-auth:21.0.1] AndroidManifest.xml:36:17-76
113-->[com.google.firebase:firebase-auth:21.0.1] AndroidManifest.xml:36:27-73
114            </intent-filter>
115        </service>
116
117        <activity
117-->[com.google.android.gms:play-services-base:17.1.0] AndroidManifest.xml:23:9-26:75
118            android:name="com.google.android.gms.common.api.GoogleApiActivity"
118-->[com.google.android.gms:play-services-base:17.1.0] AndroidManifest.xml:24:13-79
119            android:exported="false"
119-->[com.google.android.gms:play-services-base:17.1.0] AndroidManifest.xml:25:13-37
120            android:theme="@android:style/Theme.Translucent.NoTitleBar" />
120-->[com.google.android.gms:play-services-base:17.1.0] AndroidManifest.xml:26:13-72
121
122        <provider
122-->[com.google.firebase:firebase-common:20.0.0] AndroidManifest.xml:26:9-31:39
123            android:name="com.google.firebase.provider.FirebaseInitProvider"
123-->[com.google.firebase:firebase-common:20.0.0] AndroidManifest.xml:27:13-77
124            android:authorities="com.example.projectapp.firebaseinitprovider"
124-->[com.google.firebase:firebase-common:20.0.0] AndroidManifest.xml:28:13-72
125            android:directBootAware="true"
125-->[com.google.firebase:firebase-common:20.0.0] AndroidManifest.xml:29:13-43
126            android:exported="false"
126-->[com.google.firebase:firebase-common:20.0.0] AndroidManifest.xml:30:13-37
127            android:initOrder="100" />
127-->[com.google.firebase:firebase-common:20.0.0] AndroidManifest.xml:31:13-36
128
129        <meta-data
129-->[com.google.android.gms:play-services-basement:17.1.0] AndroidManifest.xml:23:9-25:69
130            android:name="com.google.android.gms.version"
130-->[com.google.android.gms:play-services-basement:17.1.0] AndroidManifest.xml:24:13-58
131            android:value="@integer/google_play_services_version" />
131-->[com.google.android.gms:play-services-basement:17.1.0] AndroidManifest.xml:25:13-66
132    </application>
133
134</manifest>